[2023-03-24T12:34:47.651+0000] {manager.py:483} INFO - Processing files using up to 2 processes at a time 
[2023-03-24T12:34:47.653+0000] {manager.py:484} INFO - Process each file at most once every 30 seconds
[2023-03-24T12:34:47.653+0000] {manager.py:485} INFO - Checking for new files in /opt/airflow/dags every 300 seconds
[2023-03-24T12:34:47.654+0000] {manager.py:726} INFO - Searching for files in /opt/airflow/dags
[2023-03-24T12:34:47.656+0000] {manager.py:729} INFO - There are 1 files in /opt/airflow/dags
[2023-03-24T12:34:47.668+0000] {manager.py:483} INFO - Processing files using up to 2 processes at a time 
[2023-03-24T12:34:47.669+0000] {manager.py:484} INFO - Process each file at most once every 30 seconds
[2023-03-24T12:34:47.670+0000] {manager.py:485} INFO - Checking for new files in /opt/airflow/dags every 300 seconds
[2023-03-24T12:34:47.670+0000] {manager.py:726} INFO - Searching for files in /opt/airflow/dags
[2023-03-24T12:34:47.689+0000] {manager.py:729} INFO - There are 1 files in /opt/airflow/dags
[2023-03-24T12:34:47.861+0000] {manager.py:854} INFO - 
================================================================================
DAG File Processing Stats

File Path                              PID  Runtime      # DAGs    # Errors  Last Runtime    Last Run
-----------------------------------  -----  ---------  --------  ----------  --------------  ----------
/opt/airflow/dags/streaming_data.py    167  0.11s             0           0
================================================================================
[2023-03-24T12:34:47.870+0000] {manager.py:854} INFO - 
================================================================================
DAG File Processing Stats

File Path                              PID  Runtime      # DAGs    # Errors  Last Runtime    Last Run
-----------------------------------  -----  ---------  --------  ----------  --------------  ----------
/opt/airflow/dags/streaming_data.py    166  0.07s             0           0
================================================================================
[2023-03-24T12:35:18.074+0000] {manager.py:854} INFO - 
================================================================================
DAG File Processing Stats

File Path                            PID    Runtime      # DAGs    # Errors  Last Runtime    Last Run
-----------------------------------  -----  ---------  --------  ----------  --------------  -------------------
/opt/airflow/dags/streaming_data.py                           1           0  1.60s           2023-03-24T12:34:49
================================================================================
[2023-03-24T12:35:18.076+0000] {manager.py:854} INFO - 
================================================================================
DAG File Processing Stats

File Path                            PID    Runtime      # DAGs    # Errors  Last Runtime    Last Run
-----------------------------------  -----  ---------  --------  ----------  --------------  -------------------
/opt/airflow/dags/streaming_data.py                           1           0  1.77s           2023-03-24T12:34:49
================================================================================
[2023-03-24T12:35:48.295+0000] {manager.py:854} INFO - 
================================================================================
DAG File Processing Stats

File Path                            PID    Runtime      # DAGs    # Errors  Last Runtime    Last Run
-----------------------------------  -----  ---------  --------  ----------  --------------  -------------------
/opt/airflow/dags/streaming_data.py                           1           0  0.73s           2023-03-24T12:35:20
================================================================================
[2023-03-24T12:35:48.328+0000] {manager.py:854} INFO - 
================================================================================
DAG File Processing Stats

File Path                            PID    Runtime      # DAGs    # Errors  Last Runtime    Last Run
-----------------------------------  -----  ---------  --------  ----------  --------------  -------------------
/opt/airflow/dags/streaming_data.py                           1           0  0.77s           2023-03-24T12:35:20
================================================================================
[2023-03-24T12:36:18.541+0000] {manager.py:854} INFO - 
================================================================================
DAG File Processing Stats

File Path                            PID    Runtime      # DAGs    # Errors  Last Runtime    Last Run
-----------------------------------  -----  ---------  --------  ----------  --------------  -------------------
/opt/airflow/dags/streaming_data.py                           1           0  0.75s           2023-03-24T12:35:51
================================================================================
[2023-03-24T12:36:18.554+0000] {manager.py:854} INFO - 
================================================================================
DAG File Processing Stats

File Path                            PID    Runtime      # DAGs    # Errors  Last Runtime    Last Run
-----------------------------------  -----  ---------  --------  ----------  --------------  -------------------
/opt/airflow/dags/streaming_data.py                           1           0  0.75s           2023-03-24T12:35:51
================================================================================
[2023-03-24T12:36:48.693+0000] {manager.py:854} INFO - 
================================================================================
DAG File Processing Stats

File Path                            PID    Runtime      # DAGs    # Errors  Last Runtime    Last Run
-----------------------------------  -----  ---------  --------  ----------  --------------  -------------------
/opt/airflow/dags/streaming_data.py                           1           0  0.93s           2023-03-24T12:36:22
================================================================================
[2023-03-24T12:39:57.306+0000] {manager.py:483} INFO - Processing files using up to 2 processes at a time 
[2023-03-24T12:39:57.314+0000] {manager.py:484} INFO - Process each file at most once every 30 seconds
[2023-03-24T12:39:57.316+0000] {manager.py:485} INFO - Checking for new files in /opt/airflow/dags every 300 seconds
[2023-03-24T12:39:57.317+0000] {manager.py:726} INFO - Searching for files in /opt/airflow/dags
[2023-03-24T12:39:57.319+0000] {manager.py:729} INFO - There are 1 files in /opt/airflow/dags
[2023-03-24T12:39:57.523+0000] {manager.py:483} INFO - Processing files using up to 2 processes at a time 
[2023-03-24T12:39:57.525+0000] {manager.py:484} INFO - Process each file at most once every 30 seconds
[2023-03-24T12:39:57.525+0000] {manager.py:485} INFO - Checking for new files in /opt/airflow/dags every 300 seconds
[2023-03-24T12:39:57.525+0000] {manager.py:726} INFO - Searching for files in /opt/airflow/dags
[2023-03-24T12:39:57.535+0000] {manager.py:854} INFO - 
================================================================================
DAG File Processing Stats

File Path                              PID  Runtime      # DAGs    # Errors  Last Runtime    Last Run
-----------------------------------  -----  ---------  --------  ----------  --------------  ----------
/opt/airflow/dags/streaming_data.py    167  0.12s             0           0
================================================================================
[2023-03-24T12:39:57.548+0000] {manager.py:729} INFO - There are 1 files in /opt/airflow/dags
[2023-03-24T12:39:57.784+0000] {manager.py:854} INFO - 
================================================================================
DAG File Processing Stats

File Path                              PID  Runtime      # DAGs    # Errors  Last Runtime    Last Run
-----------------------------------  -----  ---------  --------  ----------  --------------  ----------
/opt/airflow/dags/streaming_data.py    168  0.11s             0           0
================================================================================
[2023-03-24T12:40:27.707+0000] {manager.py:854} INFO - 
================================================================================
DAG File Processing Stats

File Path                            PID    Runtime      # DAGs    # Errors  Last Runtime    Last Run
-----------------------------------  -----  ---------  --------  ----------  --------------  -------------------
/opt/airflow/dags/streaming_data.py                           1           0  1.70s           2023-03-24T12:39:59
================================================================================
[2023-03-24T12:40:28.019+0000] {manager.py:854} INFO - 
================================================================================
DAG File Processing Stats

File Path                            PID    Runtime      # DAGs    # Errors  Last Runtime    Last Run
-----------------------------------  -----  ---------  --------  ----------  --------------  -------------------
/opt/airflow/dags/streaming_data.py                           1           0  1.78s           2023-03-24T12:39:59
================================================================================
[2023-03-24T12:40:57.875+0000] {manager.py:854} INFO - 
================================================================================
DAG File Processing Stats

File Path                            PID    Runtime      # DAGs    # Errors  Last Runtime    Last Run
-----------------------------------  -----  ---------  --------  ----------  --------------  -------------------
/opt/airflow/dags/streaming_data.py                           1           0  0.80s           2023-03-24T12:40:30
================================================================================
[2023-03-24T12:40:58.202+0000] {manager.py:854} INFO - 
================================================================================
DAG File Processing Stats

File Path                            PID    Runtime      # DAGs    # Errors  Last Runtime    Last Run
-----------------------------------  -----  ---------  --------  ----------  --------------  -------------------
/opt/airflow/dags/streaming_data.py                           1           0  0.77s           2023-03-24T12:40:30
================================================================================
[2023-03-24T12:41:28.085+0000] {manager.py:854} INFO - 
================================================================================
DAG File Processing Stats

File Path                            PID    Runtime      # DAGs    # Errors  Last Runtime    Last Run
-----------------------------------  -----  ---------  --------  ----------  --------------  -------------------
/opt/airflow/dags/streaming_data.py                           1           0  0.71s           2023-03-24T12:41:00
================================================================================
[2023-03-24T12:41:28.419+0000] {manager.py:854} INFO - 
================================================================================
DAG File Processing Stats

File Path                            PID    Runtime      # DAGs    # Errors  Last Runtime    Last Run
-----------------------------------  -----  ---------  --------  ----------  --------------  -------------------
/opt/airflow/dags/streaming_data.py                           1           0  0.71s           2023-03-24T12:41:01
================================================================================
[2023-03-24T12:41:58.321+0000] {manager.py:854} INFO - 
================================================================================
DAG File Processing Stats

File Path                            PID    Runtime      # DAGs    # Errors  Last Runtime    Last Run
-----------------------------------  -----  ---------  --------  ----------  --------------  -------------------
/opt/airflow/dags/streaming_data.py                           1           0  0.80s           2023-03-24T12:41:31
================================================================================
[2023-03-24T12:41:58.699+0000] {manager.py:854} INFO - 
================================================================================
DAG File Processing Stats

File Path                            PID    Runtime      # DAGs    # Errors  Last Runtime    Last Run
-----------------------------------  -----  ---------  --------  ----------  --------------  -------------------
/opt/airflow/dags/streaming_data.py                           1           0  0.73s           2023-03-24T12:41:32
================================================================================
[2023-03-24T12:42:28.494+0000] {manager.py:854} INFO - 
================================================================================
DAG File Processing Stats

File Path                            PID    Runtime      # DAGs    # Errors  Last Runtime    Last Run
-----------------------------------  -----  ---------  --------  ----------  --------------  -------------------
/opt/airflow/dags/streaming_data.py                           1           0  0.81s           2023-03-24T12:42:02
================================================================================
[2023-03-24T12:42:28.936+0000] {manager.py:854} INFO - 
================================================================================
DAG File Processing Stats

File Path                            PID    Runtime      # DAGs    # Errors  Last Runtime    Last Run
-----------------------------------  -----  ---------  --------  ----------  --------------  -------------------
/opt/airflow/dags/streaming_data.py                           1           0  0.80s           2023-03-24T12:42:03
================================================================================
[2023-03-24T12:42:58.691+0000] {manager.py:854} INFO - 
================================================================================
DAG File Processing Stats

File Path                            PID    Runtime      # DAGs    # Errors  Last Runtime    Last Run
-----------------------------------  -----  ---------  --------  ----------  --------------  -------------------
/opt/airflow/dags/streaming_data.py                           1           0  0.72s           2023-03-24T12:42:33
================================================================================
[2023-03-24T12:42:59.158+0000] {manager.py:854} INFO - 
================================================================================
DAG File Processing Stats

File Path                            PID    Runtime      # DAGs    # Errors  Last Runtime    Last Run
-----------------------------------  -----  ---------  --------  ----------  --------------  -------------------
/opt/airflow/dags/streaming_data.py                           1           0  0.77s           2023-03-24T12:42:34
================================================================================
[2023-03-24T12:43:28.874+0000] {manager.py:854} INFO - 
================================================================================
DAG File Processing Stats

File Path                            PID    Runtime      # DAGs    # Errors  Last Runtime    Last Run
-----------------------------------  -----  ---------  --------  ----------  --------------  -------------------
/opt/airflow/dags/streaming_data.py                           1           0  0.73s           2023-03-24T12:43:04
================================================================================
[2023-03-24T12:43:29.453+0000] {manager.py:854} INFO - 
================================================================================
DAG File Processing Stats

File Path                            PID    Runtime      # DAGs    # Errors  Last Runtime    Last Run
-----------------------------------  -----  ---------  --------  ----------  --------------  -------------------
/opt/airflow/dags/streaming_data.py                           1           0  0.71s           2023-03-24T12:43:04
================================================================================
[2023-03-24T12:43:59.341+0000] {manager.py:854} INFO - 
================================================================================
DAG File Processing Stats

File Path                            PID    Runtime      # DAGs    # Errors  Last Runtime    Last Run
-----------------------------------  -----  ---------  --------  ----------  --------------  -------------------
/opt/airflow/dags/streaming_data.py                           1           0  0.77s           2023-03-24T12:43:35
================================================================================
[2023-03-24T12:43:59.634+0000] {manager.py:854} INFO - 
================================================================================
DAG File Processing Stats

File Path                            PID    Runtime      # DAGs    # Errors  Last Runtime    Last Run
-----------------------------------  -----  ---------  --------  ----------  --------------  -------------------
/opt/airflow/dags/streaming_data.py                           1           0  0.73s           2023-03-24T12:43:35
================================================================================
[2023-03-24T12:44:29.571+0000] {manager.py:854} INFO - 
================================================================================
DAG File Processing Stats

File Path                            PID    Runtime      # DAGs    # Errors  Last Runtime    Last Run
-----------------------------------  -----  ---------  --------  ----------  --------------  -------------------
/opt/airflow/dags/streaming_data.py                           1           0  0.71s           2023-03-24T12:44:06
================================================================================
[2023-03-24T12:44:29.829+0000] {manager.py:854} INFO - 
================================================================================
DAG File Processing Stats

File Path                            PID    Runtime      # DAGs    # Errors  Last Runtime    Last Run
-----------------------------------  -----  ---------  --------  ----------  --------------  -------------------
/opt/airflow/dags/streaming_data.py                           1           0  0.71s           2023-03-24T12:44:06
================================================================================
[2023-03-24T12:44:57.393+0000] {manager.py:726} INFO - Searching for files in /opt/airflow/dags
[2023-03-24T12:44:57.397+0000] {manager.py:729} INFO - There are 1 files in /opt/airflow/dags
[2023-03-24T12:44:57.607+0000] {manager.py:726} INFO - Searching for files in /opt/airflow/dags
[2023-03-24T12:44:57.612+0000] {manager.py:729} INFO - There are 1 files in /opt/airflow/dags
[2023-03-24T12:45:00.074+0000] {manager.py:854} INFO - 
================================================================================
DAG File Processing Stats

File Path                            PID    Runtime      # DAGs    # Errors  Last Runtime    Last Run
-----------------------------------  -----  ---------  --------  ----------  --------------  -------------------
/opt/airflow/dags/streaming_data.py                           1           0  0.62s           2023-03-24T12:44:37
================================================================================
[2023-03-24T12:45:00.168+0000] {manager.py:854} INFO - 
================================================================================
DAG File Processing Stats

File Path                            PID    Runtime      # DAGs    # Errors  Last Runtime    Last Run
-----------------------------------  -----  ---------  --------  ----------  --------------  -------------------
/opt/airflow/dags/streaming_data.py                           1           0  0.59s           2023-03-24T12:44:37
================================================================================
[2023-03-24T12:45:30.258+0000] {manager.py:854} INFO - 
================================================================================
DAG File Processing Stats

File Path                            PID    Runtime      # DAGs    # Errors  Last Runtime    Last Run
-----------------------------------  -----  ---------  --------  ----------  --------------  -------------------
/opt/airflow/dags/streaming_data.py                           1           0  0.79s           2023-03-24T12:45:08
================================================================================
[2023-03-24T12:45:30.352+0000] {manager.py:854} INFO - 
================================================================================
DAG File Processing Stats

File Path                            PID    Runtime      # DAGs    # Errors  Last Runtime    Last Run
-----------------------------------  -----  ---------  --------  ----------  --------------  -------------------
/opt/airflow/dags/streaming_data.py                           1           0  0.71s           2023-03-24T12:45:08
================================================================================
[2023-03-24T12:46:00.558+0000] {manager.py:854} INFO - 
================================================================================
DAG File Processing Stats

File Path                            PID    Runtime      # DAGs    # Errors  Last Runtime    Last Run
-----------------------------------  -----  ---------  --------  ----------  --------------  -------------------
/opt/airflow/dags/streaming_data.py                           1           0  0.64s           2023-03-24T12:45:38
================================================================================
[2023-03-24T12:46:00.807+0000] {manager.py:854} INFO - 
================================================================================
DAG File Processing Stats

File Path                            PID    Runtime      # DAGs    # Errors  Last Runtime    Last Run
-----------------------------------  -----  ---------  --------  ----------  --------------  -------------------
/opt/airflow/dags/streaming_data.py                           1           0  0.63s           2023-03-24T12:45:39
================================================================================
[2023-03-24T12:46:30.778+0000] {manager.py:854} INFO - 
================================================================================
DAG File Processing Stats

File Path                            PID    Runtime      # DAGs    # Errors  Last Runtime    Last Run
-----------------------------------  -----  ---------  --------  ----------  --------------  -------------------
/opt/airflow/dags/streaming_data.py                           1           0  0.67s           2023-03-24T12:46:09
================================================================================
[2023-03-24T12:46:31.006+0000] {manager.py:854} INFO - 
================================================================================
DAG File Processing Stats

File Path                            PID    Runtime      # DAGs    # Errors  Last Runtime    Last Run
-----------------------------------  -----  ---------  --------  ----------  --------------  -------------------
/opt/airflow/dags/streaming_data.py                           1           0  0.73s           2023-03-24T12:46:09
================================================================================
[2023-03-24T12:47:01.040+0000] {manager.py:854} INFO - 
================================================================================
DAG File Processing Stats

File Path                            PID    Runtime      # DAGs    # Errors  Last Runtime    Last Run
-----------------------------------  -----  ---------  --------  ----------  --------------  -------------------
/opt/airflow/dags/streaming_data.py                           1           0  0.99s           2023-03-24T12:46:41
================================================================================
[2023-03-24T12:47:01.224+0000] {manager.py:854} INFO - 
================================================================================
DAG File Processing Stats

File Path                            PID    Runtime      # DAGs    # Errors  Last Runtime    Last Run
-----------------------------------  -----  ---------  --------  ----------  --------------  -------------------
/opt/airflow/dags/streaming_data.py                           1           0  1.01s           2023-03-24T12:46:41
================================================================================
[2023-03-24T12:47:31.373+0000] {manager.py:854} INFO - 
================================================================================
DAG File Processing Stats

File Path                            PID    Runtime      # DAGs    # Errors  Last Runtime    Last Run
-----------------------------------  -----  ---------  --------  ----------  --------------  -------------------
/opt/airflow/dags/streaming_data.py                           1           0  0.62s           2023-03-24T12:47:11
================================================================================
[2023-03-24T12:47:31.480+0000] {manager.py:854} INFO - 
================================================================================
DAG File Processing Stats

File Path                            PID    Runtime      # DAGs    # Errors  Last Runtime    Last Run
-----------------------------------  -----  ---------  --------  ----------  --------------  -------------------
/opt/airflow/dags/streaming_data.py                           1           0  0.61s           2023-03-24T12:47:11
================================================================================
[2023-03-24T12:48:01.625+0000] {manager.py:854} INFO - 
================================================================================
DAG File Processing Stats

File Path                            PID    Runtime      # DAGs    # Errors  Last Runtime    Last Run
-----------------------------------  -----  ---------  --------  ----------  --------------  -------------------
/opt/airflow/dags/streaming_data.py                           1           0  0.57s           2023-03-24T12:47:42
================================================================================
[2023-03-24T12:48:01.701+0000] {manager.py:854} INFO - 
================================================================================
DAG File Processing Stats

File Path                            PID    Runtime      # DAGs    # Errors  Last Runtime    Last Run
-----------------------------------  -----  ---------  --------  ----------  --------------  -------------------
/opt/airflow/dags/streaming_data.py                           1           0  0.60s           2023-03-24T12:47:42
================================================================================
[2023-03-24T12:48:31.867+0000] {manager.py:854} INFO - 
================================================================================
DAG File Processing Stats

File Path                            PID    Runtime      # DAGs    # Errors  Last Runtime    Last Run
-----------------------------------  -----  ---------  --------  ----------  --------------  -------------------
/opt/airflow/dags/streaming_data.py                           1           0  0.61s           2023-03-24T12:48:13
================================================================================
[2023-03-24T12:48:32.049+0000] {manager.py:854} INFO - 
================================================================================
DAG File Processing Stats

File Path                            PID    Runtime      # DAGs    # Errors  Last Runtime    Last Run
-----------------------------------  -----  ---------  --------  ----------  --------------  -------------------
/opt/airflow/dags/streaming_data.py                           1           0  0.58s           2023-03-24T12:48:13
================================================================================
[2023-03-24T12:49:02.063+0000] {manager.py:854} INFO - 
================================================================================
DAG File Processing Stats

File Path                            PID    Runtime      # DAGs    # Errors  Last Runtime    Last Run
-----------------------------------  -----  ---------  --------  ----------  --------------  -------------------
/opt/airflow/dags/streaming_data.py                           1           0  0.70s           2023-03-24T12:48:44
================================================================================
[2023-03-24T12:49:02.302+0000] {manager.py:854} INFO - 
================================================================================
DAG File Processing Stats

File Path                            PID    Runtime      # DAGs    # Errors  Last Runtime    Last Run
-----------------------------------  -----  ---------  --------  ----------  --------------  -------------------
/opt/airflow/dags/streaming_data.py                           1           0  0.63s           2023-03-24T12:48:44
================================================================================
[2023-03-24T12:49:32.272+0000] {manager.py:854} INFO - 
================================================================================
DAG File Processing Stats

File Path                            PID    Runtime      # DAGs    # Errors  Last Runtime    Last Run
-----------------------------------  -----  ---------  --------  ----------  --------------  -------------------
/opt/airflow/dags/streaming_data.py                           1           0  0.84s           2023-03-24T12:49:15
================================================================================
[2023-03-24T12:49:32.515+0000] {manager.py:854} INFO - 
================================================================================
DAG File Processing Stats

File Path                            PID    Runtime      # DAGs    # Errors  Last Runtime    Last Run
-----------------------------------  -----  ---------  --------  ----------  --------------  -------------------
/opt/airflow/dags/streaming_data.py                           1           0  0.80s           2023-03-24T12:49:15
================================================================================
[2023-03-24T12:49:57.556+0000] {manager.py:726} INFO - Searching for files in /opt/airflow/dags
[2023-03-24T12:49:57.558+0000] {manager.py:729} INFO - There are 1 files in /opt/airflow/dags
[2023-03-24T12:49:57.723+0000] {manager.py:726} INFO - Searching for files in /opt/airflow/dags
[2023-03-24T12:49:57.725+0000] {manager.py:729} INFO - There are 1 files in /opt/airflow/dags
[2023-03-24T12:50:02.621+0000] {manager.py:854} INFO - 
================================================================================
DAG File Processing Stats

File Path                            PID    Runtime      # DAGs    # Errors  Last Runtime    Last Run
-----------------------------------  -----  ---------  --------  ----------  --------------  -------------------
/opt/airflow/dags/streaming_data.py                           1           0  0.63s           2023-03-24T12:49:46
================================================================================
[2023-03-24T12:50:02.778+0000] {manager.py:854} INFO - 
================================================================================
DAG File Processing Stats

File Path                            PID    Runtime      # DAGs    # Errors  Last Runtime    Last Run
-----------------------------------  -----  ---------  --------  ----------  --------------  -------------------
/opt/airflow/dags/streaming_data.py                           1           0  0.64s           2023-03-24T12:49:46
================================================================================
[2023-03-24T12:50:32.920+0000] {manager.py:854} INFO - 
================================================================================
DAG File Processing Stats

File Path                            PID    Runtime      # DAGs    # Errors  Last Runtime    Last Run
-----------------------------------  -----  ---------  --------  ----------  --------------  -------------------
/opt/airflow/dags/streaming_data.py                           1           0  0.57s           2023-03-24T12:50:16
================================================================================
[2023-03-24T12:50:32.969+0000] {manager.py:854} INFO - 
================================================================================
DAG File Processing Stats

File Path                            PID    Runtime      # DAGs    # Errors  Last Runtime    Last Run
-----------------------------------  -----  ---------  --------  ----------  --------------  -------------------
/opt/airflow/dags/streaming_data.py                           1           0  0.59s           2023-03-24T12:50:16
================================================================================
[2023-03-24T12:51:03.215+0000] {manager.py:854} INFO - 
================================================================================
DAG File Processing Stats

File Path                            PID    Runtime      # DAGs    # Errors  Last Runtime    Last Run
-----------------------------------  -----  ---------  --------  ----------  --------------  -------------------
/opt/airflow/dags/streaming_data.py                           1           0  0.61s           2023-03-24T12:50:47
================================================================================
[2023-03-24T12:51:03.603+0000] {manager.py:854} INFO - 
================================================================================
DAG File Processing Stats

File Path                            PID    Runtime      # DAGs    # Errors  Last Runtime    Last Run
-----------------------------------  -----  ---------  --------  ----------  --------------  -------------------
/opt/airflow/dags/streaming_data.py                           1           0  0.62s           2023-03-24T12:50:47
================================================================================
[2023-03-24T12:51:33.488+0000] {manager.py:854} INFO - 
================================================================================
DAG File Processing Stats

File Path                            PID    Runtime      # DAGs    # Errors  Last Runtime    Last Run
-----------------------------------  -----  ---------  --------  ----------  --------------  -------------------
/opt/airflow/dags/streaming_data.py                           1           0  0.61s           2023-03-24T12:51:18
================================================================================
[2023-03-24T12:51:34.034+0000] {manager.py:854} INFO - 
================================================================================
DAG File Processing Stats

File Path                            PID    Runtime      # DAGs    # Errors  Last Runtime    Last Run
-----------------------------------  -----  ---------  --------  ----------  --------------  -------------------
/opt/airflow/dags/streaming_data.py                           1           0  0.62s           2023-03-24T12:51:18
================================================================================
[2023-03-24T12:52:03.917+0000] {manager.py:854} INFO - 
================================================================================
DAG File Processing Stats

File Path                            PID    Runtime      # DAGs    # Errors  Last Runtime    Last Run
-----------------------------------  -----  ---------  --------  ----------  --------------  -------------------
/opt/airflow/dags/streaming_data.py                           1           0  0.59s           2023-03-24T12:51:49
================================================================================
[2023-03-24T12:52:04.317+0000] {manager.py:854} INFO - 
================================================================================
DAG File Processing Stats

File Path                            PID    Runtime      # DAGs    # Errors  Last Runtime    Last Run
-----------------------------------  -----  ---------  --------  ----------  --------------  -------------------
/opt/airflow/dags/streaming_data.py                           1           0  0.63s           2023-03-24T12:51:49
================================================================================
[2023-03-24T12:52:34.212+0000] {manager.py:854} INFO - 
================================================================================
DAG File Processing Stats

File Path                            PID    Runtime      # DAGs    # Errors  Last Runtime    Last Run
-----------------------------------  -----  ---------  --------  ----------  --------------  -------------------
/opt/airflow/dags/streaming_data.py                           1           0  0.64s           2023-03-24T12:52:20
================================================================================
[2023-03-24T12:52:34.661+0000] {manager.py:854} INFO - 
================================================================================
DAG File Processing Stats

File Path                            PID    Runtime      # DAGs    # Errors  Last Runtime    Last Run
-----------------------------------  -----  ---------  --------  ----------  --------------  -------------------
/opt/airflow/dags/streaming_data.py                           1           0  0.61s           2023-03-24T12:52:20
================================================================================
[2023-03-24T12:53:04.527+0000] {manager.py:854} INFO - 
================================================================================
DAG File Processing Stats

File Path                            PID    Runtime      # DAGs    # Errors  Last Runtime    Last Run
-----------------------------------  -----  ---------  --------  ----------  --------------  -------------------
/opt/airflow/dags/streaming_data.py                           1           0  0.62s           2023-03-24T12:52:50
================================================================================
[2023-03-24T12:53:04.957+0000] {manager.py:854} INFO - 
================================================================================
DAG File Processing Stats

File Path                            PID    Runtime      # DAGs    # Errors  Last Runtime    Last Run
-----------------------------------  -----  ---------  --------  ----------  --------------  -------------------
/opt/airflow/dags/streaming_data.py                           1           0  0.66s           2023-03-24T12:52:51
================================================================================
[2023-03-24T12:53:34.728+0000] {manager.py:854} INFO - 
================================================================================
DAG File Processing Stats

File Path                            PID    Runtime      # DAGs    # Errors  Last Runtime    Last Run
-----------------------------------  -----  ---------  --------  ----------  --------------  -------------------
/opt/airflow/dags/streaming_data.py                           1           0  0.62s           2023-03-24T12:53:21
================================================================================
[2023-03-24T12:53:35.336+0000] {manager.py:854} INFO - 
================================================================================
DAG File Processing Stats

File Path                            PID    Runtime      # DAGs    # Errors  Last Runtime    Last Run
-----------------------------------  -----  ---------  --------  ----------  --------------  -------------------
/opt/airflow/dags/streaming_data.py                           1           0  0.60s           2023-03-24T12:53:21
================================================================================
[2023-03-24T12:54:05.103+0000] {manager.py:854} INFO - 
================================================================================
DAG File Processing Stats

File Path                            PID    Runtime      # DAGs    # Errors  Last Runtime    Last Run
-----------------------------------  -----  ---------  --------  ----------  --------------  -------------------
/opt/airflow/dags/streaming_data.py                           1           0  0.71s           2023-03-24T12:53:52
================================================================================
[2023-03-24T12:54:05.567+0000] {manager.py:854} INFO - 
================================================================================
DAG File Processing Stats

File Path                            PID    Runtime      # DAGs    # Errors  Last Runtime    Last Run
-----------------------------------  -----  ---------  --------  ----------  --------------  -------------------
/opt/airflow/dags/streaming_data.py                           1           0  0.67s           2023-03-24T12:53:52
================================================================================
[2023-03-24T12:54:35.315+0000] {manager.py:854} INFO - 
================================================================================
DAG File Processing Stats

File Path                            PID    Runtime      # DAGs    # Errors  Last Runtime    Last Run
-----------------------------------  -----  ---------  --------  ----------  --------------  -------------------
/opt/airflow/dags/streaming_data.py                           1           0  0.68s           2023-03-24T12:54:23
================================================================================
[2023-03-24T12:54:35.815+0000] {manager.py:854} INFO - 
================================================================================
DAG File Processing Stats

File Path                            PID    Runtime      # DAGs    # Errors  Last Runtime    Last Run
-----------------------------------  -----  ---------  --------  ----------  --------------  -------------------
/opt/airflow/dags/streaming_data.py                           1           0  0.64s           2023-03-24T12:54:23
================================================================================
[2023-03-24T12:54:57.658+0000] {manager.py:726} INFO - Searching for files in /opt/airflow/dags
[2023-03-24T12:54:57.660+0000] {manager.py:729} INFO - There are 1 files in /opt/airflow/dags
[2023-03-24T12:54:57.963+0000] {manager.py:726} INFO - Searching for files in /opt/airflow/dags
[2023-03-24T12:54:57.965+0000] {manager.py:729} INFO - There are 1 files in /opt/airflow/dags
[2023-03-24T12:55:05.451+0000] {manager.py:854} INFO - 
================================================================================
DAG File Processing Stats

File Path                            PID    Runtime      # DAGs    # Errors  Last Runtime    Last Run
-----------------------------------  -----  ---------  --------  ----------  --------------  -------------------
/opt/airflow/dags/streaming_data.py                           1           0  0.88s           2023-03-24T12:54:54
================================================================================
[2023-03-24T12:55:06.058+0000] {manager.py:854} INFO - 
================================================================================
DAG File Processing Stats

File Path                            PID    Runtime      # DAGs    # Errors  Last Runtime    Last Run
-----------------------------------  -----  ---------  --------  ----------  --------------  -------------------
/opt/airflow/dags/streaming_data.py                           1           0  0.80s           2023-03-24T12:54:54
================================================================================
[2023-03-24T12:55:35.938+0000] {manager.py:854} INFO - 
================================================================================
DAG File Processing Stats

File Path                            PID    Runtime      # DAGs    # Errors  Last Runtime    Last Run
-----------------------------------  -----  ---------  --------  ----------  --------------  -------------------
/opt/airflow/dags/streaming_data.py                           1           0  0.67s           2023-03-24T12:55:25
================================================================================
[2023-03-24T12:55:36.230+0000] {manager.py:854} INFO - 
================================================================================
DAG File Processing Stats

File Path                            PID    Runtime      # DAGs    # Errors  Last Runtime    Last Run
-----------------------------------  -----  ---------  --------  ----------  --------------  -------------------
/opt/airflow/dags/streaming_data.py                           1           0  0.66s           2023-03-24T12:55:25
================================================================================
[2023-03-24T12:56:06.164+0000] {manager.py:854} INFO - 
================================================================================
DAG File Processing Stats

File Path                            PID    Runtime      # DAGs    # Errors  Last Runtime    Last Run
-----------------------------------  -----  ---------  --------  ----------  --------------  -------------------
/opt/airflow/dags/streaming_data.py                           1           0  0.68s           2023-03-24T12:55:56
================================================================================
[2023-03-24T12:56:06.454+0000] {manager.py:854} INFO - 
================================================================================
DAG File Processing Stats

File Path                            PID    Runtime      # DAGs    # Errors  Last Runtime    Last Run
-----------------------------------  -----  ---------  --------  ----------  --------------  -------------------
/opt/airflow/dags/streaming_data.py                           1           0  0.64s           2023-03-24T12:55:56
================================================================================
[2023-03-24T12:56:36.411+0000] {manager.py:854} INFO - 
================================================================================
DAG File Processing Stats

File Path                            PID    Runtime      # DAGs    # Errors  Last Runtime    Last Run
-----------------------------------  -----  ---------  --------  ----------  --------------  -------------------
/opt/airflow/dags/streaming_data.py                           1           0  0.62s           2023-03-24T12:56:26
================================================================================
[2023-03-24T12:56:36.668+0000] {manager.py:854} INFO - 
================================================================================
DAG File Processing Stats

File Path                            PID    Runtime      # DAGs    # Errors  Last Runtime    Last Run
-----------------------------------  -----  ---------  --------  ----------  --------------  -------------------
/opt/airflow/dags/streaming_data.py                           1           0  0.62s           2023-03-24T12:56:26
================================================================================
[2023-03-24T12:57:06.687+0000] {manager.py:854} INFO - 
================================================================================
DAG File Processing Stats

File Path                            PID    Runtime      # DAGs    # Errors  Last Runtime    Last Run
-----------------------------------  -----  ---------  --------  ----------  --------------  -------------------
/opt/airflow/dags/streaming_data.py                           1           0  1.46s           2023-03-24T12:56:58
================================================================================
[2023-03-24T12:57:07.144+0000] {manager.py:854} INFO - 
================================================================================
DAG File Processing Stats

File Path                            PID    Runtime      # DAGs    # Errors  Last Runtime    Last Run
-----------------------------------  -----  ---------  --------  ----------  --------------  -------------------
/opt/airflow/dags/streaming_data.py                           1           0  1.48s           2023-03-24T12:56:58
================================================================================
[2023-03-24T12:57:37.072+0000] {manager.py:854} INFO - 
================================================================================
DAG File Processing Stats

File Path                            PID    Runtime      # DAGs    # Errors  Last Runtime    Last Run
-----------------------------------  -----  ---------  --------  ----------  --------------  -------------------
/opt/airflow/dags/streaming_data.py                           1           0  2.59s           2023-03-24T12:57:31
================================================================================
[2023-03-24T12:57:37.368+0000] {manager.py:854} INFO - 
================================================================================
DAG File Processing Stats

File Path                            PID    Runtime      # DAGs    # Errors  Last Runtime    Last Run
-----------------------------------  -----  ---------  --------  ----------  --------------  -------------------
/opt/airflow/dags/streaming_data.py                           1           0  1.54s           2023-03-24T12:57:30
================================================================================
[2023-03-24T12:58:07.234+0000] {manager.py:854} INFO - 
================================================================================
DAG File Processing Stats

File Path                            PID    Runtime      # DAGs    # Errors  Last Runtime    Last Run
-----------------------------------  -----  ---------  --------  ----------  --------------  -------------------
/opt/airflow/dags/streaming_data.py                           1           0  0.77s           2023-03-24T12:58:02
================================================================================
[2023-03-24T12:58:08.001+0000] {manager.py:854} INFO - 
================================================================================
DAG File Processing Stats

File Path                            PID    Runtime      # DAGs    # Errors  Last Runtime    Last Run
-----------------------------------  -----  ---------  --------  ----------  --------------  -------------------
/opt/airflow/dags/streaming_data.py                           1           0  0.82s           2023-03-24T12:58:01
================================================================================
[2023-03-24T12:58:37.271+0000] {manager.py:854} INFO - 
================================================================================
DAG File Processing Stats

File Path                            PID    Runtime      # DAGs    # Errors  Last Runtime    Last Run
-----------------------------------  -----  ---------  --------  ----------  --------------  -------------------
/opt/airflow/dags/streaming_data.py                           1           0  0.60s           2023-03-24T12:58:33
================================================================================
[2023-03-24T12:58:38.151+0000] {manager.py:854} INFO - 
================================================================================
DAG File Processing Stats

File Path                            PID    Runtime      # DAGs    # Errors  Last Runtime    Last Run
-----------------------------------  -----  ---------  --------  ----------  --------------  -------------------
/opt/airflow/dags/streaming_data.py                           1           0  0.66s           2023-03-24T12:58:32
================================================================================
[2023-03-24T12:59:07.879+0000] {manager.py:854} INFO - 
================================================================================
DAG File Processing Stats

File Path                            PID    Runtime      # DAGs    # Errors  Last Runtime    Last Run
-----------------------------------  -----  ---------  --------  ----------  --------------  -------------------
/opt/airflow/dags/streaming_data.py                           1           0  0.61s           2023-03-24T12:59:04
================================================================================
[2023-03-24T12:59:08.340+0000] {manager.py:854} INFO - 
================================================================================
DAG File Processing Stats

File Path                            PID    Runtime      # DAGs    # Errors  Last Runtime    Last Run
-----------------------------------  -----  ---------  --------  ----------  --------------  -------------------
/opt/airflow/dags/streaming_data.py                           1           0  0.62s           2023-03-24T12:59:02
================================================================================
[2023-03-24T12:59:37.950+0000] {manager.py:854} INFO - 
================================================================================
DAG File Processing Stats

File Path                            PID    Runtime      # DAGs    # Errors  Last Runtime    Last Run
-----------------------------------  -----  ---------  --------  ----------  --------------  -------------------
/opt/airflow/dags/streaming_data.py                           1           0  0.85s           2023-03-24T12:59:34
================================================================================
[2023-03-24T12:59:38.515+0000] {manager.py:854} INFO - 
================================================================================
DAG File Processing Stats

File Path                            PID    Runtime      # DAGs    # Errors  Last Runtime    Last Run
-----------------------------------  -----  ---------  --------  ----------  --------------  -------------------
/opt/airflow/dags/streaming_data.py                           1           0  0.83s           2023-03-24T12:59:33
================================================================================
[2023-03-24T12:59:58.051+0000] {manager.py:726} INFO - Searching for files in /opt/airflow/dags
[2023-03-24T12:59:58.052+0000] {manager.py:726} INFO - Searching for files in /opt/airflow/dags
[2023-03-24T12:59:58.054+0000] {manager.py:729} INFO - There are 1 files in /opt/airflow/dags
[2023-03-24T12:59:58.054+0000] {manager.py:729} INFO - There are 1 files in /opt/airflow/dags
[2023-03-24T13:00:08.424+0000] {manager.py:854} INFO - 
================================================================================
DAG File Processing Stats

File Path                            PID    Runtime      # DAGs    # Errors  Last Runtime    Last Run
-----------------------------------  -----  ---------  --------  ----------  --------------  -------------------
/opt/airflow/dags/streaming_data.py                           1           0  0.63s           2023-03-24T13:00:05
================================================================================
[2023-03-24T13:00:08.668+0000] {manager.py:854} INFO - 
================================================================================
DAG File Processing Stats

File Path                            PID    Runtime      # DAGs    # Errors  Last Runtime    Last Run
-----------------------------------  -----  ---------  --------  ----------  --------------  -------------------
/opt/airflow/dags/streaming_data.py                           1           0  0.85s           2023-03-24T13:00:04
================================================================================
[2023-03-24T13:00:38.549+0000] {manager.py:854} INFO - 
================================================================================
DAG File Processing Stats

File Path                            PID    Runtime      # DAGs    # Errors  Last Runtime    Last Run
-----------------------------------  -----  ---------  --------  ----------  --------------  -------------------
/opt/airflow/dags/streaming_data.py                           1           0  0.65s           2023-03-24T13:00:36
================================================================================
[2023-03-24T13:00:38.836+0000] {manager.py:854} INFO - 
================================================================================
DAG File Processing Stats

File Path                            PID    Runtime      # DAGs    # Errors  Last Runtime    Last Run
-----------------------------------  -----  ---------  --------  ----------  --------------  -------------------
/opt/airflow/dags/streaming_data.py                           1           0  0.79s           2023-03-24T13:00:35
================================================================================
[2023-03-24T13:01:09.045+0000] {manager.py:854} INFO - 
================================================================================
DAG File Processing Stats

File Path                            PID    Runtime      # DAGs    # Errors  Last Runtime    Last Run
-----------------------------------  -----  ---------  --------  ----------  --------------  -------------------
/opt/airflow/dags/streaming_data.py                           1           0  0.67s           2023-03-24T13:01:07
================================================================================
[2023-03-24T13:01:09.081+0000] {manager.py:854} INFO - 
================================================================================
DAG File Processing Stats

File Path                            PID    Runtime      # DAGs    # Errors  Last Runtime    Last Run
-----------------------------------  -----  ---------  --------  ----------  --------------  -------------------
/opt/airflow/dags/streaming_data.py                           1           0  0.69s           2023-03-24T13:01:06
================================================================================
[2023-03-24T13:01:39.208+0000] {manager.py:854} INFO - 
================================================================================
DAG File Processing Stats

File Path                            PID    Runtime      # DAGs    # Errors  Last Runtime    Last Run
-----------------------------------  -----  ---------  --------  ----------  --------------  -------------------
/opt/airflow/dags/streaming_data.py                           1           0  0.88s           2023-03-24T13:01:38
================================================================================
[2023-03-24T13:01:39.249+0000] {manager.py:854} INFO - 
================================================================================
DAG File Processing Stats

File Path                            PID    Runtime      # DAGs    # Errors  Last Runtime    Last Run
-----------------------------------  -----  ---------  --------  ----------  --------------  -------------------
/opt/airflow/dags/streaming_data.py                           1           0  0.70s           2023-03-24T13:01:37
================================================================================
[2023-03-24T13:02:09.267+0000] {manager.py:854} INFO - 
================================================================================
DAG File Processing Stats

File Path                            PID    Runtime      # DAGs    # Errors  Last Runtime    Last Run
-----------------------------------  -----  ---------  --------  ----------  --------------  -------------------
/opt/airflow/dags/streaming_data.py                           1           0  0.59s           2023-03-24T13:02:08
================================================================================
[2023-03-24T13:02:09.285+0000] {manager.py:854} INFO - 
================================================================================
DAG File Processing Stats

File Path                            PID    Runtime      # DAGs    # Errors  Last Runtime    Last Run
-----------------------------------  -----  ---------  --------  ----------  --------------  -------------------
/opt/airflow/dags/streaming_data.py                           1           0  0.70s           2023-03-24T13:02:09
================================================================================
[2023-03-24T13:02:39.449+0000] {manager.py:854} INFO - 
================================================================================
DAG File Processing Stats

File Path                              PID  Runtime      # DAGs    # Errors  Last Runtime    Last Run
-----------------------------------  -----  ---------  --------  ----------  --------------  -------------------
/opt/airflow/dags/streaming_data.py    693  0.00s             1           0  0.70s           2023-03-24T13:02:09
================================================================================
[2023-03-24T13:02:39.833+0000] {manager.py:854} INFO - 
================================================================================
DAG File Processing Stats

File Path                            PID    Runtime      # DAGs    # Errors  Last Runtime    Last Run
-----------------------------------  -----  ---------  --------  ----------  --------------  -------------------
/opt/airflow/dags/streaming_data.py                           1           0  0.59s           2023-03-24T13:02:39
================================================================================
[2023-03-24T13:03:09.892+0000] {manager.py:854} INFO - 
================================================================================
DAG File Processing Stats

File Path                            PID    Runtime      # DAGs    # Errors  Last Runtime    Last Run
-----------------------------------  -----  ---------  --------  ----------  --------------  -------------------
/opt/airflow/dags/streaming_data.py                           1           0  0.64s           2023-03-24T13:02:40
================================================================================
[2023-03-24T13:03:10.166+0000] {manager.py:854} INFO - 
================================================================================
DAG File Processing Stats

File Path                            PID    Runtime      # DAGs    # Errors  Last Runtime    Last Run
-----------------------------------  -----  ---------  --------  ----------  --------------  -------------------
/opt/airflow/dags/streaming_data.py                           1           0  0.63s           2023-03-24T13:03:09
================================================================================
[2023-03-24T13:03:40.059+0000] {manager.py:854} INFO - 
================================================================================
DAG File Processing Stats

File Path                            PID    Runtime      # DAGs    # Errors  Last Runtime    Last Run
-----------------------------------  -----  ---------  --------  ----------  --------------  -------------------
/opt/airflow/dags/streaming_data.py                           1           0  0.68s           2023-03-24T13:03:10
================================================================================
[2023-03-24T13:03:40.312+0000] {manager.py:854} INFO - 
================================================================================
DAG File Processing Stats

File Path                              PID  Runtime      # DAGs    # Errors  Last Runtime    Last Run
-----------------------------------  -----  ---------  --------  ----------  --------------  -------------------
/opt/airflow/dags/streaming_data.py    714  0.36s             1           0  0.63s           2023-03-24T13:03:09
================================================================================
[2023-03-24T13:04:10.259+0000] {manager.py:854} INFO - 
================================================================================
DAG File Processing Stats

File Path                            PID    Runtime      # DAGs    # Errors  Last Runtime    Last Run
-----------------------------------  -----  ---------  --------  ----------  --------------  -------------------
/opt/airflow/dags/streaming_data.py                           1           0  0.60s           2023-03-24T13:03:41
================================================================================
[2023-03-24T13:04:10.492+0000] {manager.py:854} INFO - 
================================================================================
DAG File Processing Stats

File Path                            PID    Runtime      # DAGs    # Errors  Last Runtime    Last Run
-----------------------------------  -----  ---------  --------  ----------  --------------  -------------------
/opt/airflow/dags/streaming_data.py                           1           0  0.57s           2023-03-24T13:03:40
================================================================================
[2023-03-24T13:04:40.405+0000] {manager.py:854} INFO - 
================================================================================
DAG File Processing Stats

File Path                            PID    Runtime      # DAGs    # Errors  Last Runtime    Last Run
-----------------------------------  -----  ---------  --------  ----------  --------------  -------------------
/opt/airflow/dags/streaming_data.py                           1           0  0.75s           2023-03-24T13:04:12
================================================================================
[2023-03-24T13:04:40.820+0000] {manager.py:854} INFO - 
================================================================================
DAG File Processing Stats

File Path                            PID    Runtime      # DAGs    # Errors  Last Runtime    Last Run
-----------------------------------  -----  ---------  --------  ----------  --------------  -------------------
/opt/airflow/dags/streaming_data.py                           1           0  0.66s           2023-03-24T13:04:11
================================================================================
[2023-03-24T13:04:58.313+0000] {manager.py:726} INFO - Searching for files in /opt/airflow/dags
[2023-03-24T13:04:58.314+0000] {manager.py:729} INFO - There are 1 files in /opt/airflow/dags
[2023-03-24T13:04:58.512+0000] {manager.py:726} INFO - Searching for files in /opt/airflow/dags
[2023-03-24T13:04:58.513+0000] {manager.py:729} INFO - There are 1 files in /opt/airflow/dags
[2023-03-24T13:05:10.618+0000] {manager.py:854} INFO - 
================================================================================
DAG File Processing Stats

File Path                            PID    Runtime      # DAGs    # Errors  Last Runtime    Last Run
-----------------------------------  -----  ---------  --------  ----------  --------------  -------------------
/opt/airflow/dags/streaming_data.py                           1           0  0.74s           2023-03-24T13:04:43
================================================================================
[2023-03-24T13:05:10.981+0000] {manager.py:854} INFO - 
================================================================================
DAG File Processing Stats

File Path                            PID    Runtime      # DAGs    # Errors  Last Runtime    Last Run
-----------------------------------  -----  ---------  --------  ----------  --------------  -------------------
/opt/airflow/dags/streaming_data.py                           1           0  0.75s           2023-03-24T13:04:42
================================================================================
[2023-03-24T13:05:40.800+0000] {manager.py:854} INFO - 
================================================================================
DAG File Processing Stats

File Path                            PID    Runtime      # DAGs    # Errors  Last Runtime    Last Run
-----------------------------------  -----  ---------  --------  ----------  --------------  -------------------
/opt/airflow/dags/streaming_data.py                           1           0  0.62s           2023-03-24T13:05:14
================================================================================
[2023-03-24T13:05:41.158+0000] {manager.py:854} INFO - 
================================================================================
DAG File Processing Stats

File Path                            PID    Runtime      # DAGs    # Errors  Last Runtime    Last Run
-----------------------------------  -----  ---------  --------  ----------  --------------  -------------------
/opt/airflow/dags/streaming_data.py                           1           0  0.69s           2023-03-24T13:05:13
================================================================================
[2023-03-24T13:06:10.973+0000] {manager.py:854} INFO - 
================================================================================
DAG File Processing Stats

File Path                            PID    Runtime      # DAGs    # Errors  Last Runtime    Last Run
-----------------------------------  -----  ---------  --------  ----------  --------------  -------------------
/opt/airflow/dags/streaming_data.py                           1           0  0.59s           2023-03-24T13:05:45
================================================================================
[2023-03-24T13:06:11.433+0000] {manager.py:854} INFO - 
================================================================================
DAG File Processing Stats

File Path                            PID    Runtime      # DAGs    # Errors  Last Runtime    Last Run
-----------------------------------  -----  ---------  --------  ----------  --------------  -------------------
/opt/airflow/dags/streaming_data.py                           1           0  0.70s           2023-03-24T13:05:43
================================================================================
[2023-03-24T13:06:41.315+0000] {manager.py:854} INFO - 
================================================================================
DAG File Processing Stats

File Path                            PID    Runtime      # DAGs    # Errors  Last Runtime    Last Run
-----------------------------------  -----  ---------  --------  ----------  --------------  -------------------
/opt/airflow/dags/streaming_data.py                           1           0  0.67s           2023-03-24T13:06:15
================================================================================
[2023-03-24T13:06:41.592+0000] {manager.py:854} INFO - 
================================================================================
DAG File Processing Stats

File Path                            PID    Runtime      # DAGs    # Errors  Last Runtime    Last Run
-----------------------------------  -----  ---------  --------  ----------  --------------  -------------------
/opt/airflow/dags/streaming_data.py                           1           0  0.62s           2023-03-24T13:06:14
================================================================================
[2023-03-24T13:07:11.480+0000] {manager.py:854} INFO - 
================================================================================
DAG File Processing Stats

File Path                            PID    Runtime      # DAGs    # Errors  Last Runtime    Last Run
-----------------------------------  -----  ---------  --------  ----------  --------------  -------------------
/opt/airflow/dags/streaming_data.py                           1           0  0.69s           2023-03-24T13:06:46
================================================================================
[2023-03-24T13:07:11.941+0000] {manager.py:854} INFO - 
================================================================================
DAG File Processing Stats

File Path                            PID    Runtime      # DAGs    # Errors  Last Runtime    Last Run
-----------------------------------  -----  ---------  --------  ----------  --------------  -------------------
/opt/airflow/dags/streaming_data.py                           1           0  0.58s           2023-03-24T13:06:45
================================================================================
[2023-03-24T13:07:41.652+0000] {manager.py:854} INFO - 
================================================================================
DAG File Processing Stats

File Path                            PID    Runtime      # DAGs    # Errors  Last Runtime    Last Run
-----------------------------------  -----  ---------  --------  ----------  --------------  -------------------
/opt/airflow/dags/streaming_data.py                           1           0  0.84s           2023-03-24T13:07:17
================================================================================
[2023-03-24T13:07:42.114+0000] {manager.py:854} INFO - 
================================================================================
DAG File Processing Stats

File Path                            PID    Runtime      # DAGs    # Errors  Last Runtime    Last Run
-----------------------------------  -----  ---------  --------  ----------  --------------  -------------------
/opt/airflow/dags/streaming_data.py                           1           0  0.63s           2023-03-24T13:07:16
================================================================================
[2023-03-24T13:08:11.971+0000] {manager.py:854} INFO - 
================================================================================
DAG File Processing Stats

File Path                            PID    Runtime      # DAGs    # Errors  Last Runtime    Last Run
-----------------------------------  -----  ---------  --------  ----------  --------------  -------------------
/opt/airflow/dags/streaming_data.py                           1           0  0.70s           2023-03-24T13:07:48
================================================================================
[2023-03-24T13:08:12.153+0000] {manager.py:854} INFO - 
================================================================================
DAG File Processing Stats

File Path                            PID    Runtime      # DAGs    # Errors  Last Runtime    Last Run
-----------------------------------  -----  ---------  --------  ----------  --------------  -------------------
/opt/airflow/dags/streaming_data.py                           1           0  0.72s           2023-03-24T13:07:47
================================================================================
